0 [139626103207744] INFO perfrun.launcher <> - Launcher main begin
1 [139626103207744] INFO perfrun.launcher <> - MessageCatalogInit finished
1 [139626103207744] INFO perfrun.launcher <> - Launcher instance created
1 [139626103207744] INFO perfrun.launcher <> - argc = 7; cmdline = /opt/intel/oneapi/vtune/2024.2/bin64/amplxe-runss --ui-output-format xml --ui-output-fd 5 --option-file /home/mehdi/tutorat/profilagevtune/config/runss.options 
36 [139626103207744] INFO perfrun.perfcollector <> - SEP tool path: /opt/intel/oneapi/vtune/2024.2/bin64/sep
41 [139626103207744] INFO perfrun.launcher <> - create msngr2::ICliToolContext
41 [139626103207744] INFO perfrun.launcher <> - create file finder object
41 [139626103207744] INFO perfrun.launcher <> - create a result directory: pattern = /home/mehdi/tutorat/profilagevtune pid = 4294967295
42 [139626103207744] INFO perfrun.sdk <> - checked that the directory /home/mehdi/tutorat/profilagevtune is a local directory
42 [139626103207744] INFO perfrun.sdk <> - the directory /home/mehdi/tutorat/profilagevtune is a local directory with FS type ID 61267
42 [139626103207744] INFO perfrun.launcher <> - create data directory = /home/mehdi/tutorat/profilagevtune/data.0
42 [139626103207744] INFO perfrun.launcher <> - Creating the master collection flag
75 [139626103207744] INFO perfrun.launcher <> - Done creating the master collection flag
77 [139625951651520] INFO perfrun.launcher <> - plugin [remoteplug] was disabled because it doesn't support the given collection type.
77 [139625951651520] INFO perfrun.sdk <> - Allocating TMU :/home/mehdi/tutorat/profilagevtune/data.0/systemcollector-38288-salam.sc
77 [139625951651520] INFO perfrun.system <> - Tpss based collection
77 [139625951651520] INFO perfrun.launcher <> - plugin [ptracecollector] was disabled because it doesn't support the given collection type.
77 [139625951651520] INFO perfrun.launcher <> - plugin [gpu] was disabled because it doesn't support the given collection type.
77 [139625951651520] INFO perfrun.launcher <> - plugin [] was disabled because it doesn't support the given collection type.
77 [139625951651520] INFO perfrun.launcher <> - plugin [] was disabled because it doesn't support the given collection type.
77 [139625951651520] INFO perfrun.launcher <> - plugin [] was disabled because it doesn't support the given collection type.
77 [139625951651520] INFO perfrun.mrte <> - system-wide mode is 0
77 [139625951651520] INFO perfrun.mrte <> - Getting  mrte profiling environment ...
86 [139625951651520] INFO perfrun.mrte <> - INTEL_MRTE_DATA_DIR=/home/mehdi/tutorat/profilagevtune/data.0
86 [139625951651520] INFO perfrun.mrte <> - INTEL_MRTE_HOST_NAME=salam
86 [139625951651520] INFO perfrun.mrte <> - JAVA_TOOL_OPTIONS=-agentlib:amplxe_samplingmrte_javaprof_1.0 -Dsun.boot.library.path=/opt/intel/oneapi/vtune/2024.2/lib32/runtime:/opt/intel/oneapi/vtune/2024.2/lib64/runtime
86 [139625951651520] INFO perfrun.mrte <> - LD_LIBRARY_PATH=/opt/intel/oneapi/vtune/2024.2/lib32/runtime:/opt/intel/oneapi/vtune/2024.2/lib64/runtime:/opt/intel/oneapi/tbb/2021.13/env/../lib/intel64/gcc4.8:/opt/intel/oneapi/mpi/2021.13/opt/mpi/libfabric/lib:/opt/intel/oneapi/mpi/2021.13/lib:/opt/intel/oneapi/mkl/2024.2/lib:/opt/intel/oneapi/ippcp/2021.12/lib/:/opt/intel/oneapi/ipp/2021.12/lib:/opt/intel/oneapi/dpl/2022.6/lib:/opt/intel/oneapi/dnnl/2024.2/lib:/opt/intel/oneapi/debugger/2024.2/opt/debugger/lib:/opt/intel/oneapi/dal/2024.6/lib:/opt/intel/oneapi/compiler/2024.2/opt/compiler/lib:/opt/intel/oneapi/compiler/2024.2/lib:/opt/intel/oneapi/ccl/2021.13/lib/:/opt/intel/oneapi/tbb/2021.13/env/../lib/intel64/gcc4.8:/opt/intel/oneapi/mpi/2021.13/opt/mpi/libfabric/lib:/opt/intel/oneapi/mpi/2021.13/lib:/opt/intel/oneapi/mkl/2024.2/lib:/opt/intel/oneapi/ippcp/2021.12/lib/:/opt/intel/oneapi/ipp/2021.12/lib:/opt/intel/oneapi/dpl/2022.6/lib:/opt/intel/oneapi/dnnl/2024.2/lib:/opt/intel/oneapi/debugger/2024.2/opt/debugger/lib:/opt/intel/oneapi/dal/2024.6/lib:/opt/intel/oneapi/compiler/2024.2/opt/compiler/lib:/opt/intel/oneapi/compiler/2024.2/lib:/opt/intel/oneapi/ccl/2021.13/lib/
86 [139625951651520] INFO perfrun.mrte <> - CORECLR_ENABLE_PROFILING=1
86 [139625951651520] INFO perfrun.mrte <> - CORECLR_PROFILER={AA5E4821-E3B1-479c-B7FF-5AD047D22CED}
86 [139625951651520] INFO perfrun.mrte <> - CORECLR_PROFILER_PATH=/opt/intel/oneapi/vtune/2024.2/lib64/libamplxe_samplingmrte_clrprof_1.0.so
86 [139625951651520] INFO perfrun.mrte <> - INTEL_MRTE_PROFILER_MODE=mixed
86 [139625951651520] INFO perfrun.mrte <> - Data directory: /home/mehdi/tutorat/profilagevtune/data.0
86 [139625951651520] INFO perfrun.mrte <> - Mrte plugin is initialized
86 [139625951651520] INFO perfrun.launcher <> - plugin [emon] was disabled because it doesn't support the given collection type.
86 [139625951651520] INFO perfrun.launcher <> - plugin [cuscol] was disabled because it doesn't support the given collection type.
86 [139625951651520] INFO perfrun.launcher <> - plugin [stdsrc] was disabled because it doesn't support the given collection type.
86 [139625951651520] INFO perfrun.launcher <> - plugin [sep] was disabled because it doesn't support the given collection type.
86 [139625951651520] INFO perfrun.launcher <> - plugin [vtsspp] was disabled because it doesn't support the given collection type.
86 [139625951651520] INFO perfrun.launcher <> - plugin [perf] was disabled because it doesn't support the given collection type.
86 [139625951651520] INFO perfrun.launcher <> - plugin [aoclprofile] was disabled because it doesn't support the given collection type.
86 [139625951651520] INFO perfrun.tpss <> - initialize tpss controller
86 [139625951651520] INFO perfrun.tpss <> - configure collection mode: value = cpu:counters:nostack
86 [139625951651520] INFO perfrun.tpss <> - configure collection mode: value = cpu:stack
86 [139625951651520] INFO perfrun.tpss <> - default obj-size-min=1024
86 [139625951651520] INFO perfrun.tpss <> - default hash-table-size=0
86 [139625951651520] INFO perfrun.launcher <> - plugin [media] was disabled because it doesn't support the given collection type.
86 [139625951651520] INFO perfrun.launcher <> - plugin [] was disabled because it doesn't support the given collection type.
86 [139625951651520] INFO perfrun.launcher <> - plugin [] was disabled because it doesn't support the given collection type.
86 [139625951651520] INFO perfrun.launcher <> - plugin [parallelfs] was disabled because it doesn't support the given collection type.
86 [139625951651520] INFO perfrun.launcher <> - plugin [power] was disabled because it doesn't support the given collection type.
86 [139625951651520] INFO perfrun.launcher <> - plugin [] was disabled because it doesn't support the given collection type.
86 [139625951651520] INFO perfrun.launcher <> - plugin [ipmwatch] was disabled because it doesn't support the given collection type.
86 [139625951651520] INFO perfrun.launcher <> - plugin [os_counters] was disabled because it doesn't support the given collection type.
86 [139625951651520] INFO perfrun.launcher <> - plugin [l0_metrics] was disabled because it doesn't support the given collection type.
86 [139626103207744] INFO perfrun.launcher <> - set environment variable: LD_LIBRARY_PATH = /opt/intel/oneapi/vtune/2024.2/lib32/runtime:/opt/intel/oneapi/vtune/2024.2/lib64/runtime:/opt/intel/oneapi/tbb/2021.13/env/../lib/intel64/gcc4.8:/opt/intel/oneapi/mpi/2021.13/opt/mpi/libfabric/lib:/opt/intel/oneapi/mpi/2021.13/lib:/opt/intel/oneapi/mkl/2024.2/lib:/opt/intel/oneapi/ippcp/2021.12/lib/:/opt/intel/oneapi/ipp/2021.12/lib:/opt/intel/oneapi/dpl/2022.6/lib:/opt/intel/oneapi/dnnl/2024.2/lib:/opt/intel/oneapi/debugger/2024.2/opt/debugger/lib:/opt/intel/oneapi/dal/2024.6/lib:/opt/intel/oneapi/compiler/2024.2/opt/compiler/lib:/opt/intel/oneapi/compiler/2024.2/lib:/opt/intel/oneapi/ccl/2021.13/lib/:/opt/intel/oneapi/tbb/2021.13/env/../lib/intel64/gcc4.8:/opt/intel/oneapi/mpi/2021.13/opt/mpi/libfabric/lib:/opt/intel/oneapi/mpi/2021.13/lib:/opt/intel/oneapi/mkl/2024.2/lib:/opt/intel/oneapi/ippcp/2021.12/lib/:/opt/intel/oneapi/ipp/2021.12/lib:/opt/intel/oneapi/dpl/2022.6/lib:/opt/intel/oneapi/dnnl/2024.2/lib:/opt/intel/oneapi/debugger/2024.2/opt/debugger/lib:/opt/intel/oneapi/dal/2024.6/lib:/opt/intel/oneapi/compiler/2024.2/opt/compiler/lib:/opt/intel/oneapi/compiler/2024.2/lib:/opt/intel/oneapi/ccl/2021.13/lib/
86 [139626103207744] INFO perfrun.launcher <> - set environment variable: INTEL_LIBITTNOTIFY32 = /opt/intel/oneapi/vtune/2024.2/lib32/runtime/libittnotify_collector.so
86 [139626103207744] INFO perfrun.launcher <> - set environment variable: INTEL_LIBITTNOTIFY64 = /opt/intel/oneapi/vtune/2024.2/lib64/runtime/libittnotify_collector.so
86 [139626103207744] INFO perfrun.launcher <> - set environment variable: INTEL_ITTNOTIFY_GROUPS = 
86 [139626103207744] INFO perfrun.launcher <> - set environment variable: INTEL_JIT_PROFILER32 = /opt/intel/oneapi/vtune/2024.2/lib32/runtime/libittnotify_collector.so
86 [139626103207744] INFO perfrun.launcher <> - set environment variable: INTEL_JIT_PROFILER64 = /opt/intel/oneapi/vtune/2024.2/lib64/runtime/libittnotify_collector.so
86 [139626103207744] INFO perfrun.launcher <> - set environment variable: ENABLE_JITPROFILING = 1
87 [139626103207744] INFO perfrun.launcher <> - set environment variable: CL_CONFIG_USE_VTUNE = True
87 [139626103207744] INFO perfrun.launcher <> - set environment variable: KMP_FORKJOIN_FRAMES = 0
87 [139626103207744] INFO perfrun.launcher <> - set environment variable: KMP_FORKJOIN_FRAMES_MODE = 0
87 [139626103207744] INFO perfrun.launcher <> - set environment variable: INTEL_MRTE_DATA_DIR = /home/mehdi/tutorat/profilagevtune/data.0
87 [139626103207744] INFO perfrun.launcher <> - set environment variable: INTEL_MRTE_HOST_NAME = salam
87 [139626103207744] INFO perfrun.launcher <> - set environment variable: JAVA_TOOL_OPTIONS = -agentlib:amplxe_samplingmrte_javaprof_1.0 -Dsun.boot.library.path=/opt/intel/oneapi/vtune/2024.2/lib32/runtime:/opt/intel/oneapi/vtune/2024.2/lib64/runtime
87 [139626103207744] INFO perfrun.launcher <> - set environment variable: LD_LIBRARY_PATH = /opt/intel/oneapi/vtune/2024.2/lib32/runtime:/opt/intel/oneapi/vtune/2024.2/lib64/runtime:/opt/intel/oneapi/tbb/2021.13/env/../lib/intel64/gcc4.8:/opt/intel/oneapi/mpi/2021.13/opt/mpi/libfabric/lib:/opt/intel/oneapi/mpi/2021.13/lib:/opt/intel/oneapi/mkl/2024.2/lib:/opt/intel/oneapi/ippcp/2021.12/lib/:/opt/intel/oneapi/ipp/2021.12/lib:/opt/intel/oneapi/dpl/2022.6/lib:/opt/intel/oneapi/dnnl/2024.2/lib:/opt/intel/oneapi/debugger/2024.2/opt/debugger/lib:/opt/intel/oneapi/dal/2024.6/lib:/opt/intel/oneapi/compiler/2024.2/opt/compiler/lib:/opt/intel/oneapi/compiler/2024.2/lib:/opt/intel/oneapi/ccl/2021.13/lib/:/opt/intel/oneapi/tbb/2021.13/env/../lib/intel64/gcc4.8:/opt/intel/oneapi/mpi/2021.13/opt/mpi/libfabric/lib:/opt/intel/oneapi/mpi/2021.13/lib:/opt/intel/oneapi/mkl/2024.2/lib:/opt/intel/oneapi/ippcp/2021.12/lib/:/opt/intel/oneapi/ipp/2021.12/lib:/opt/intel/oneapi/dpl/2022.6/lib:/opt/intel/oneapi/dnnl/2024.2/lib:/opt/intel/oneapi/debugger/2024.2/opt/debugger/lib:/opt/intel/oneapi/dal/2024.6/lib:/opt/intel/oneapi/compiler/2024.2/opt/compiler/lib:/opt/intel/oneapi/compiler/2024.2/lib:/opt/intel/oneapi/ccl/2021.13/lib/
87 [139626103207744] INFO perfrun.launcher <> - set environment variable: CORECLR_ENABLE_PROFILING = 1
87 [139626103207744] INFO perfrun.launcher <> - set environment variable: CORECLR_PROFILER = {AA5E4821-E3B1-479c-B7FF-5AD047D22CED}
87 [139626103207744] INFO perfrun.launcher <> - set environment variable: CORECLR_PROFILER_PATH = /opt/intel/oneapi/vtune/2024.2/lib64/libamplxe_samplingmrte_clrprof_1.0.so
87 [139626103207744] INFO perfrun.launcher <> - set environment variable: INTEL_MRTE_PROFILER_MODE = mixed
87 [139626103207744] INFO perfrun.launcher <> - RpcServer: run RPC server to handle requests
87 [139626103207744] INFO perfrun.launcher <> - Launcher: command line to start before modification = ./tp1
87 [139626103207744] INFO perfrun.launcher <> - Launcher: command line to start after modification = /opt/intel/oneapi/vtune/2024.2/bin64/pin -error_file /home/mehdi/tutorat/profilagevtune/data.0/pinerr.tpsslog -detach_reattach -follow_execv -tool_load_option deepbind -t64 /opt/intel/oneapi/vtune/2024.2/lib64/libtpsstool.so -t /opt/intel/oneapi/vtune/2024.2/lib32/libtpsstool.so -server_name tpss_ipc.38288 -prd_dir /opt/intel/oneapi/vtune/2024.2 -- ./tp1
87 [139626103207744] INFO perfrun.launcher <> - ProcessCreator object was created
88 [139626103207744] INFO perfrun.launcher <> - Launcher: the process was started in suspend mode
90 [139625951651520] WARN perfrun.system <> - Could not do anything with /sys/kernel/debug/kvm: boost::filesystem::status: Permission denied [system:13]: "/sys/kernel/debug/kvm", at file: vcs/perfrun1/plugins/system/src/trace_writer.cpp:787
90 [139625951651520] WARN perfrun.system <> - Folder "/var/run/libvirt/qemu/"doesn't exist, at file: vcs/perfrun1/plugins/system/src/trace_writer.cpp:800
92 [139625951651520] WARN perfrun.sdk <> - Failed to find xl binary on any of the system paths: /bin, /sbin, /usr/bin, /usr/sbin., at file: vcs/perfrun1/sdk/src/utils.cpp:205
92 [139625951651520] WARN perfrun.system <> - Could not start ContainerMapping collector, at file: vcs/perfrun1/plugins/system/src/controller.cpp:450
97 [139625951651520] INFO perfrun.vdso <> - Helper runtool '/opt/intel/oneapi/vtune/2024.2/bin32/amplxe-runss -dump-vdso -r /home/mehdi/tutorat/profilagevtune --tmp-dir /tmp/amplxe-tmp-mehdi' returned 1
155 [139625951651520] INFO perfrun.vdso <> - Helper runtool '/opt/intel/oneapi/vtune/2024.2/bin64/amplxe-runss -dump-vdso -r /home/mehdi/tutorat/profilagevtune --tmp-dir /tmp/amplxe-tmp-mehdi' returned 0
155 [139625951651520] INFO perfrun.itt <> - start itt controller for pid #38293
155 [139625951651520] INFO perfrun.tpss <> - start tpss controller for pid #38293
206 [139626103207744] INFO perfrun.launcher <> - Launcher: all plugins were started
206 [139626103207744] INFO perfrun.launcher <> - DirectoryMonitor object was created
206 [139626103207744] INFO perfrun.launcher <> - DirectoryMonitor: a callback was added
206 [139626103207744] INFO perfrun.launcher <> - DirectoryMonitor was started with pingTime = 1000
206 [139626103207744] INFO perfrun.launcher <> - DeadlineTimer is going to be constructed
206 [139626103207744] INFO perfrun.launcher <> - DeadlineTimer: a callback was added
245 [139626103207744] INFO perfrun.launcher <> - Launcher: resume the profiled application and  wait its termination or stop command
60751 [139626103207744] INFO perfrun.launcher <> - Launcher: the profiled application was terminated  with exit code = 0
60754 [139625951651520] INFO perfrun.itt <> - detach itt controller
60754 [139625951651520] INFO perfrun.itt <> - detach itt controller done
60754 [139625951651520] INFO perfrun.tpss <> - stop tpss controller
60754 [139625951651520] INFO perfrun.sdk <> - De-allocating TMU: /home/mehdi/tutorat/profilagevtune/data.0/systemcollector-38288-salam.sc
60754 [139625951651520] INFO perfrun.system <> - closed the system trace file: /home/mehdi/tutorat/profilagevtune/data.0/systemcollector-38288-salam.sc
60754 [139626103207744] INFO perfrun.launcher <> - Launcher: all plugins were stopped.
60754 [139626103207744] INFO perfrun.launcher <> - DeadlineTimer is going to be destroyed
60754 [139626103207744] INFO perfrun.launcher <> - DeadlineTimer was destroyed
60754 [139626103207744] INFO perfrun.launcher <> - DirectoryMonitor object was destroyed
60754 [139626103207744] WARN perfrun.launcher <> - Stop command is ignored because it is received when collection is already stopped, at file: vcs/perfrun1/launcher/src/command_handler.cpp:226
60754 [139626103207744] INFO perfrun.launcher <> - Application exit code: 0
60754 [139626103207744] INFO perfrun.launcher <> - Exit code: 0
